<?xml version="1.0" encoding="UTF-8"?>
<!-- Generated by org.testng.reporters.JUnitReportReporter -->
<testsuite hostname="IN-48A" name="com.netease.demo.GoogleSearchWithDataDriver" tests="2" failures="0" timestamp="4 Sep 2015 07:16:22 GMT" time="13.394" errors="0">
  <testcase name="search" time="6.038" classname="com.netease.demo.GoogleSearchWithDataDriver"/>
  <testcase name="search" time="7.356" classname="com.netease.demo.GoogleSearchWithDataDriver"/>
</testsuite> <!-- com.netease.demo.GoogleSearchWithDataDriver -->
