<?xml version="1.0" encoding="UTF-8"?>
<!-- Generated by org.testng.reporters.JUnitReportReporter -->
<testsuite hostname="IN-48A" name="com.ng.cases.TestNgLogin" tests="1" failures="0" timestamp="7 Sep 2015 09:32:29 GMT" time="57.124" errors="0">
  <testcase name="play" time="57.124" classname="com.ng.cases.TestNgLogin"/>
</testsuite> <!-- com.ng.cases.TestNgLogin -->
