<?xml version="1.0" encoding="UTF-8"?>
<!-- Generated by org.testng.reporters.JUnitReportReporter -->
<testsuite hostname="IN-48A" name="com.netease.demo.TestNgClone" tests="2" failures="0" timestamp="8 Sep 2015 09:52:09 GMT" time="8.626" errors="0">
  <testcase name="doTest" time="3.685" classname="com.netease.demo.TestNgClone"/>
  <testcase name="doTest" time="4.941" classname="com.netease.demo.TestNgClone"/>
</testsuite> <!-- com.netease.demo.TestNgClone -->
