<?xml version="1.0" encoding="UTF-8"?>
<!-- Generated by org.testng.reporters.JUnitReportReporter -->
<testsuite hostname="IN-48A" name="com.netease.demo.TestSimpleFlexApp" tests="1" failures="0" timestamp="14 Aug 2015 02:12:10 GMT" time="19.969" errors="0">
  <testcase name="doTest" time="19.969" classname="com.netease.demo.TestSimpleFlexApp"/>
</testsuite> <!-- com.netease.demo.TestSimpleFlexApp -->
