<?xml version="1.0" encoding="UTF-8"?>
<!-- Generated by org.testng.reporters.JUnitReportReporter -->
<testsuite hostname="IN-48A" name="com.netease.demo.TestNg" tests="2" failures="0" timestamp="8 Sep 2015 09:57:09 GMT" time="9.490" errors="0">
  <testcase name="doTest" time="4.342" classname="com.netease.demo.TestNg"/>
  <testcase name="doTest" time="5.148" classname="com.netease.demo.TestNg"/>
</testsuite> <!-- com.netease.demo.TestNg -->
