<?xml version="1.0" encoding="UTF-8"?>
<!-- Generated by org.testng.reporters.JUnitReportReporter -->
<testsuite hostname="IN-48A" name="com.ng.cases.LoginTestNg" tests="1" failures="0" timestamp="7 Sep 2015 07:02:28 GMT" time="42.743" errors="0">
  <testcase name="play" time="42.743" classname="com.ng.cases.LoginTestNg"/>
</testsuite> <!-- com.ng.cases.LoginTestNg -->
