<?xml version="1.0" encoding="UTF-8"?>
<!-- Generated by org.testng.reporters.JUnitReportReporter -->
<testsuite hostname="IN-48A" name="com.netease.demo.TestNg" tests="2" failures="0" timestamp="27 Aug 2015 05:37:42 GMT" time="9.485" errors="0">
  <testcase name="doTest" time="4.425" classname="com.netease.demo.TestNg"/>
  <testcase name="doTest" time="5.060" classname="com.netease.demo.TestNg"/>
</testsuite> <!-- com.netease.demo.TestNg -->
